#-----------------------------------------------------------
# PlanAhead v14.7 (64-bit)
# Build 321239 by xbuild on Fri Sep 27 19:29:51 MDT 2013
# Start of session at: Wed Sep 20 08:37:24 2023
# Process ID: 11796
# Log file: D:/IC lab/TM1638_DEMO/planAhead_run_1/planAhead.log
# Journal file: D:/IC lab/TM1638_DEMO/planAhead_run_1/planAhead.jou
#-----------------------------------------------------------
INFO: [Common 17-78] Attempting to get a license: PlanAhead
INFO: [Common 17-290] Got license for PlanAhead
INFO: [Device 21-36] Loading parts and site information from D:/Xilinx/14.7/ISE_DS/PlanAhead/data/parts/arch.xml
Parsing RTL primitives file [D:/Xilinx/14.7/ISE_DS/PlanAhead/data/parts/xilinx/rtl/prims/rtl_prims.xml]
Finished parsing RTL primitives file [D:/Xilinx/14.7/ISE_DS/PlanAhead/data/parts/xilinx/rtl/prims/rtl_prims.xml]
start_gui
source {D:/IC lab/TM1638_DEMO/pa.fromHdl.tcl}
# create_project -name TM1638_DEMO -dir "D:/IC lab/TM1638_DEMO/planAhead_run_1" -part xc3s500efg320-4
# set_param project.pinAheadLayout yes
# set srcset [get_property srcset [current_run -impl]]
# set_property target_constrs_file "TM1638_TOP.ucf" [current_fileset -constrset]
Adding file 'D:/IC lab/TM1638_DEMO/TM1638_TOP.ucf' to fileset 'constrs_1'
# set hdlfile [add_files [list {../TM1638/TM1638.v}]]
# set_property file_type Verilog $hdlfile
# set_property library work $hdlfile
# set hdlfile [add_files [list {../TM1638/ClkDiv_781k.v}]]
# set_property file_type Verilog $hdlfile
# set_property library work $hdlfile
# set hdlfile [add_files [list {TM1638_TOP.v}]]
# set_property file_type Verilog $hdlfile
# set_property library work $hdlfile
# set_property top TM1638_TOP $srcset
# add_files [list {TM1638_TOP.ucf}] -fileset [get_property constrset [current_run]]
# open_rtl_design -part xc3s500efg320-4
Using Verific elaboration
Parsing VHDL file "D:/Xilinx/14.7/ISE_DS/PlanAhead/data/parts/xilinx/rtl/lib/synplify/synattr.vhd" into library synplify
Analyzing Verilog file "D:/IC lab/TM1638/TM1638.v" into library work
Analyzing Verilog file "D:/IC lab/TM1638/ClkDiv_781k.v" into library work
Analyzing Verilog file "D:/IC lab/TM1638_DEMO/TM1638_TOP.v" into library work
INFO: [Designutils 20-910] Reading macro library D:/Xilinx/14.7/ISE_DS/PlanAhead/data\./parts/xilinx/spartan3e/spartan3e/hd_int_macros.edn
Parsing EDIF File [D:/Xilinx/14.7/ISE_DS/PlanAhead/data\./parts/xilinx/spartan3e/spartan3e/hd_int_macros.edn]
Finished Parsing EDIF File [D:/Xilinx/14.7/ISE_DS/PlanAhead/data\./parts/xilinx/spartan3e/spartan3e/hd_int_macros.edn]
Loading clock regions from D:/Xilinx/14.7/ISE_DS/PlanAhead/data\parts/xilinx/spartan3e/spartan3e/xc3s500e/ClockRegion.xml
Loading clock buffers from D:/Xilinx/14.7/ISE_DS/PlanAhead/data\parts/xilinx/spartan3e/spartan3e/xc3s500e/ClockBuffers.xml
Loading package from D:/Xilinx/14.7/ISE_DS/PlanAhead/data\parts/xilinx/spartan3e/spartan3e/xc3s500e/fg320/Package.xml
Loading io standards from D:/Xilinx/14.7/ISE_DS/PlanAhead/data\./parts/xilinx/spartan3e/IOStandards.xml
INFO: [Device 21-19] Loading pkg sso from D:/Xilinx/14.7/ISE_DS/PlanAhead/data\parts/xilinx/spartan3e/spartan3e/xc3s500e/fg320/SSORules.xml
Loading list of drcs for the architecture : D:/Xilinx/14.7/ISE_DS/PlanAhead/data\./parts/xilinx/spartan3e/spartan3e/drc.xml
INFO: [Timing 38-77] Reading timing library D:/Xilinx/14.7/ISE_DS/PlanAhead/data\parts/xilinx/spartan3e/spartan3e/spartan3e-4.lib.
INFO: [Timing 38-34] Done reading timing library D:/Xilinx/14.7/ISE_DS/PlanAhead/data\parts/xilinx/spartan3e/spartan3e/spartan3e-4.lib.
Parsing UCF File [D:/IC lab/TM1638_DEMO/TM1638_TOP.ucf]
Finished Parsing UCF File [D:/IC lab/TM1638_DEMO/TM1638_TOP.ucf]
INFO: [Project 1-111] Unisim Transformation Summary:
No Unisim elements were transformed.

Phase 0 | Netlist Checksum: 373f70d1
open_rtl_design: Time (s): elapsed = 00:00:12 . Memory (MB): peak = 550.949 ; gain = 98.094
update_compile_order -fileset sim_1
set_property iostandard LVCMOS33 [get_ports [list clk]]
set_property iostandard LVCMOS33 [get_ports [list clk_50M]]
set_property iostandard LVCMOS33 [get_ports [list dio]]
set_property iostandard LVCMOS33 [get_ports [list stb]]
set_property package_pin "" [get_ports [list  clk]]
startgroup
set_property package_pin C9 [get_ports clk_50M]
endgroup
startgroup
set_property package_pin F8 [get_ports clk]
endgroup
startgroup
set_property package_pin C7 [get_ports dio]
endgroup
startgroup
set_property package_pin E8 [get_ports stb]
endgroup
save_constraints
exit
ERROR: [PlanAhead 12-106] *** Exception: ui.h.b: Found deleted key in HTclEventBroker. Verify if the classes listed here call cleanup()
HTclEvent: DEBUG_CORE_CONFIG_CHANGE   Classes: ui.views.aR 
HTclEvent: DEBUG_PORT_CONFIG_CHANGE   Classes: ui.views.aR 
HTclEvent: SIGNAL_MODIFY   Classes: ui.views.aR 
HTclEvent: SIGNAL_BUS_MODIFY   Classes: ui.views.aR 
 (See D:/IC lab/TM1638_DEMO\planAhead_pid11796.debug)
ERROR: [Common 17-39] 'stop_gui' failed due to earlier errors.
INFO: [Common 17-206] Exiting PlanAhead at Wed Sep 20 08:40:40 2023...
INFO: [Common 17-83] Releasing license: PlanAhead
