--------------------------------------------------------------------------------
Release 14.7 Trace  (nt64)
Copyright (c) 1995-2013 Xilinx, Inc.  All rights reserved.

D:\Xilinx\14.7\ISE_DS\ISE\bin\nt64\unwrapped\trce.exe -intstyle ise -v 3 -s 4
-n 3 -fastpaths -xml demux18.twx demux18.ncd -o demux18.twr demux18.pcf -ucf
demux18.ucf

Design file:              demux18.ncd
Physical constraint file: demux18.pcf
Device,package,speed:     xc3s500e,fg320,-4 (PRODUCTION 1.27 2013-10-13)
Report level:             verbose report

Environment Variable      Effect 
--------------------      ------ 
NONE                      No environment variables were set
--------------------------------------------------------------------------------

INFO:Timing:2698 - No timing constraints found, doing default enumeration.
INFO:Timing:3412 - To improve timing, see the Timing Closure User Guide (UG612).
INFO:Timing:2752 - To get complete path coverage, use the unconstrained paths 
   option. All paths that are not constrained will be reported in the 
   unconstrained paths section(s) of the report.
INFO:Timing:3339 - The clock-to-out numbers in this timing report are based on 
   a 50 Ohm transmission line loading model.  For the details of this model, 
   and for more information on accounting for different loading conditions, 
   please see the device datasheet.
INFO:Timing:3390 - This architecture does not support a default System Jitter 
   value, please add SYSTEM_JITTER constraint to the UCF to modify the Clock 
   Uncertainty calculation.
INFO:Timing:3389 - This architecture does not support 'Discrete Jitter' and 
   'Phase Error' calculations, these terms will be zero in the Clock 
   Uncertainty calculation.  Please make appropriate modification to 
   SYSTEM_JITTER to account for the unsupported Discrete Jitter and Phase 
   Error.



Data Sheet report:
-----------------
All values displayed in nanoseconds (ns)

Pad to Pad
---------------+---------------+---------+
Source Pad     |Destination Pad|  Delay  |
---------------+---------------+---------+
sel<0>         |y<0>           |    8.458|
sel<0>         |y<1>           |    9.173|
sel<0>         |y<2>           |    9.050|
sel<0>         |y<3>           |    9.629|
sel<0>         |y<4>           |    9.981|
sel<0>         |y<5>           |    9.632|
sel<0>         |y<6>           |    9.918|
sel<0>         |y<7>           |   10.002|
sel<1>         |y<0>           |    8.319|
sel<1>         |y<1>           |    9.474|
sel<1>         |y<2>           |    9.283|
sel<1>         |y<3>           |    9.852|
sel<1>         |y<4>           |   10.235|
sel<1>         |y<5>           |    9.834|
sel<1>         |y<6>           |    9.983|
sel<1>         |y<7>           |   10.204|
sel<2>         |y<0>           |    7.792|
sel<2>         |y<1>           |    7.588|
sel<2>         |y<2>           |    7.882|
sel<2>         |y<3>           |    8.113|
sel<2>         |y<4>           |    8.523|
sel<2>         |y<5>           |    8.406|
sel<2>         |y<6>           |    9.157|
sel<2>         |y<7>           |    8.776|
w              |y<0>           |    8.561|
w              |y<1>           |    8.862|
w              |y<2>           |    8.866|
w              |y<3>           |    9.507|
w              |y<4>           |    9.852|
w              |y<5>           |    9.455|
w              |y<6>           |   10.118|
w              |y<7>           |    9.825|
---------------+---------------+---------+


Analysis completed Wed Aug 30 09:38:37 2023 
--------------------------------------------------------------------------------

Trace Settings:
-------------------------
Trace Settings 

Peak Memory Usage: 4498 MB



