#-----------------------------------------------------------
# PlanAhead v14.7 (64-bit)
# Build 321239 by xbuild on Fri Sep 27 19:29:51 MDT 2013
# Start of session at: Wed Oct 11 09:43:19 2023
# Process ID: 8404
# Log file: D:/IC lab/NGUYENHONGDANG/planAhead_run_1/planAhead.log
# Journal file: D:/IC lab/NGUYENHONGDANG/planAhead_run_1/planAhead.jou
#-----------------------------------------------------------
INFO: [Common 17-78] Attempting to get a license: PlanAhead
INFO: [Common 17-290] Got license for PlanAhead
INFO: [Device 21-36] Loading parts and site information from D:/Xilinx/14.7/ISE_DS/PlanAhead/data/parts/arch.xml
Parsing RTL primitives file [D:/Xilinx/14.7/ISE_DS/PlanAhead/data/parts/xilinx/rtl/prims/rtl_prims.xml]
Finished parsing RTL primitives file [D:/Xilinx/14.7/ISE_DS/PlanAhead/data/parts/xilinx/rtl/prims/rtl_prims.xml]
start_gui
source {D:/IC lab/NGUYENHONGDANG/pa.fromHdl.tcl}
# create_project -name NGUYENHONGDANG -dir "D:/IC lab/NGUYENHONGDANG/planAhead_run_1" -part xc3s500efg320-4
# set_param project.pinAheadLayout yes
# set srcset [get_property srcset [current_run -impl]]
# set_property target_constrs_file "NGUYENHONGDANG_finaltest.ucf" [current_fileset -constrset]
Adding file 'D:/IC lab/NGUYENHONGDANG/NGUYENHONGDANG_finaltest.ucf' to fileset 'constrs_1'
# set hdlfile [add_files [list {ADD3.v}]]
# set_property file_type Verilog $hdlfile
# set_property library work $hdlfile
# set hdlfile [add_files [list {UPDOWNCOUNTER.v}]]
# set_property file_type Verilog $hdlfile
# set_property library work $hdlfile
# set hdlfile [add_files [list {TM1638.v}]]
# set_property file_type Verilog $hdlfile
# set_property library work $hdlfile
# set hdlfile [add_files [list {HEX_BCD.v}]]
# set_property file_type Verilog $hdlfile
# set_property library work $hdlfile
# set hdlfile [add_files [list {CHIAXUNG.v}]]
# set_property file_type Verilog $hdlfile
# set_property library work $hdlfile
# set hdlfile [add_files [list {NGUYENHONGDANG_finaltest.v}]]
# set_property file_type Verilog $hdlfile
# set_property library work $hdlfile
# set_property top NGUYENHONGDANG_finaltest $srcset
# add_files [list {NGUYENHONGDANG_finaltest.ucf}] -fileset [get_property constrset [current_run]]
# open_rtl_design -part xc3s500efg320-4
Using Verific elaboration
Parsing VHDL file "D:/Xilinx/14.7/ISE_DS/PlanAhead/data/parts/xilinx/rtl/lib/synplify/synattr.vhd" into library synplify
Analyzing Verilog file "D:/IC lab/NGUYENHONGDANG/ADD3.v" into library work
Analyzing Verilog file "D:/IC lab/NGUYENHONGDANG/UPDOWNCOUNTER.v" into library work
Analyzing Verilog file "D:/IC lab/NGUYENHONGDANG/TM1638.v" into library work
Analyzing Verilog file "D:/IC lab/NGUYENHONGDANG/HEX_BCD.v" into library work
Analyzing Verilog file "D:/IC lab/NGUYENHONGDANG/CHIAXUNG.v" into library work
Analyzing Verilog file "D:/IC lab/NGUYENHONGDANG/NGUYENHONGDANG_finaltest.v" into library work
INFO: [Designutils 20-910] Reading macro library D:/Xilinx/14.7/ISE_DS/PlanAhead/data\./parts/xilinx/spartan3e/spartan3e/hd_int_macros.edn
Parsing EDIF File [D:/Xilinx/14.7/ISE_DS/PlanAhead/data\./parts/xilinx/spartan3e/spartan3e/hd_int_macros.edn]
Finished Parsing EDIF File [D:/Xilinx/14.7/ISE_DS/PlanAhead/data\./parts/xilinx/spartan3e/spartan3e/hd_int_macros.edn]
Loading clock regions from D:/Xilinx/14.7/ISE_DS/PlanAhead/data\parts/xilinx/spartan3e/spartan3e/xc3s500e/ClockRegion.xml
Loading clock buffers from D:/Xilinx/14.7/ISE_DS/PlanAhead/data\parts/xilinx/spartan3e/spartan3e/xc3s500e/ClockBuffers.xml
Loading package from D:/Xilinx/14.7/ISE_DS/PlanAhead/data\parts/xilinx/spartan3e/spartan3e/xc3s500e/fg320/Package.xml
Loading io standards from D:/Xilinx/14.7/ISE_DS/PlanAhead/data\./parts/xilinx/spartan3e/IOStandards.xml
INFO: [Device 21-19] Loading pkg sso from D:/Xilinx/14.7/ISE_DS/PlanAhead/data\parts/xilinx/spartan3e/spartan3e/xc3s500e/fg320/SSORules.xml
Loading list of drcs for the architecture : D:/Xilinx/14.7/ISE_DS/PlanAhead/data\./parts/xilinx/spartan3e/spartan3e/drc.xml
INFO: [Timing 38-77] Reading timing library D:/Xilinx/14.7/ISE_DS/PlanAhead/data\parts/xilinx/spartan3e/spartan3e/spartan3e-4.lib.
INFO: [Timing 38-34] Done reading timing library D:/Xilinx/14.7/ISE_DS/PlanAhead/data\parts/xilinx/spartan3e/spartan3e/spartan3e-4.lib.
Parsing UCF File [D:/IC lab/NGUYENHONGDANG/NGUYENHONGDANG_finaltest.ucf]
Finished Parsing UCF File [D:/IC lab/NGUYENHONGDANG/NGUYENHONGDANG_finaltest.ucf]
INFO: [Project 1-111] Unisim Transformation Summary:
No Unisim elements were transformed.

Phase 0 | Netlist Checksum: 7c40a991
open_rtl_design: Time (s): elapsed = 00:00:11 . Memory (MB): peak = 556.148 ; gain = 122.004
update_compile_order -fileset sim_1
startgroup
set_property package_pin N17 [get_ports {sw23[1]}]
endgroup
startgroup
set_property package_pin H18 [get_ports {sw23[0]}]
endgroup
startgroup
set_property package_pin C9 [get_ports clki]
endgroup
startgroup
set_property package_pin F8 [get_ports clko]
endgroup
startgroup
set_property package_pin C7 [get_ports dio]
endgroup
startgroup
set_property package_pin E8 [get_ports stb]
endgroup
startgroup
set_property package_pin L13 [get_ports sw0]
endgroup
startgroup
set_property package_pin L14 [get_ports sw1]
endgroup
save_constraints
set_property iostandard LVCMOS33 [get_ports [list clko]]
set_property iostandard LVCMOS33 [get_ports [list dio]]
save_constraints
exit
ERROR: [PlanAhead 12-106] *** Exception: ui.h.b: Found deleted key in HTclEventBroker. Verify if the classes listed here call cleanup()
HTclEvent: DEBUG_CORE_CONFIG_CHANGE   Classes: ui.views.aR 
HTclEvent: SIGNAL_BUS_MODIFY   Classes: ui.views.aR 
HTclEvent: SIGNAL_MODIFY   Classes: ui.views.aR 
HTclEvent: DEBUG_PORT_CONFIG_CHANGE   Classes: ui.views.aR 
 (See D:/IC lab/NGUYENHONGDANG\planAhead_pid8404.debug)
ERROR: [Common 17-39] 'stop_gui' failed due to earlier errors.
INFO: [Common 17-206] Exiting PlanAhead at Wed Oct 11 09:45:45 2023...
INFO: [Common 17-83] Releasing license: PlanAhead
